app/build/intermediates/manifest_merge_blame_file/debug/manifest-merger-blame-debug-report.txt
1<?xml version="1.0" encoding="utf-8"?>
2<manifest xmlns:android="http://schemas.android.com/apk/res/android"
3    package="com.example.quickdoctor"
4    android:versionCode="1"
5    android:versionName="1.0" >
6
7    <uses-sdk
8        android:minSdkVersion="29"
8-->src\main\AndroidManifest.xml
9        android:targetSdkVersion="29" />
9-->src\main\AndroidManifest.xml
10
11    <uses-feature
11-->src\main\AndroidManifest.xml:5:5-90
12        android:name="android.hardware.bluetooth_le"
12-->src\main\AndroidManifest.xml:5:19-63
13        android:required="true" />
13-->src\main\AndroidManifest.xml:5:64-87
14
15    <uses-permission android:name="android.permission.BLUETOOTH" />
15-->src\main\AndroidManifest.xml:6:5-68
15-->src\main\AndroidManifest.xml:6:22-65
16    <uses-permission android:name="android.permission.BLUETOOTH_ADMIN" />
16-->src\main\AndroidManifest.xml:7:5-74
16-->src\main\AndroidManifest.xml:7:22-71
17    <uses-permission android:name="android.permission.ACCESS_COARSE_LOCATION" />
17-->src\main\AndroidManifest.xml:8:5-81
17-->src\main\AndroidManifest.xml:8:22-78
18    <uses-permission android:name="android.permission.ACCESS_FINE_LOCATION" />
18-->src\main\AndroidManifest.xml:9:5-79
18-->src\main\AndroidManifest.xml:9:22-76
19    <uses-permission android:name="android.permission.INTERNET" />
19-->src\main\AndroidManifest.xml:10:5-67
19-->src\main\AndroidManifest.xml:10:22-64
20    <uses-permission android:name="android.permission.ACCESS_NETWORK_STATE" />
20-->src\main\AndroidManifest.xml:11:5-79
20-->src\main\AndroidManifest.xml:11:22-76
21
22    <application
22-->src\main\AndroidManifest.xml:13:5-65:19
23        android:allowBackup="true"
23-->src\main\AndroidManifest.xml:14:9-35
24        android:appComponentFactory="androidx.core.app.CoreComponentFactory"
24-->[androidx.core:core:1.5.0] AndroidManifest.xml:24:18-86
25        android:debuggable="true"
26        android:extractNativeLibs="false"
27        android:icon="@mipmap/ic_launcher_qd"
27-->src\main\AndroidManifest.xml:15:9-46
28        android:label="@string/app_name"
28-->src\main\AndroidManifest.xml:16:9-41
29        android:roundIcon="@mipmap/ic_launcher_qd_round"
29-->src\main\AndroidManifest.xml:17:9-57
30        android:supportsRtl="true"
30-->src\main\AndroidManifest.xml:18:9-35
31        android:testOnly="true"
32        android:theme="@style/Theme.AntfyV2" >
32-->src\main\AndroidManifest.xml:19:9-45
33        <activity
33-->src\main\AndroidManifest.xml:20:9-23:51
34            android:name="com.example.quickdoctor.NoticiasActivity"
34-->src\main\AndroidManifest.xml:21:13-45
35            android:parentActivityName="com.example.quickdoctor.HomeActivity"
35-->src\main\AndroidManifest.xml:22:13-55
36            android:theme="@style/antfyABTitle" />
36-->src\main\AndroidManifest.xml:23:13-48
37        <activity
37-->src\main\AndroidManifest.xml:24:9-27:51
38            android:name="com.example.quickdoctor.SentindoActivity"
38-->src\main\AndroidManifest.xml:25:13-45
39            android:parentActivityName="com.example.quickdoctor.HomeActivity"
39-->src\main\AndroidManifest.xml:26:13-55
40            android:theme="@style/antfyABTitle" />
40-->src\main\AndroidManifest.xml:27:13-48
41        <activity
41-->src\main\AndroidManifest.xml:28:9-31:51
42            android:name="com.example.quickdoctor.PerfilActivity"
42-->src\main\AndroidManifest.xml:29:13-43
43            android:parentActivityName="com.example.quickdoctor.HomeActivity"
43-->src\main\AndroidManifest.xml:30:13-55
44            android:theme="@style/antfyABTitle" />
44-->src\main\AndroidManifest.xml:31:13-48
45        <activity
45-->src\main\AndroidManifest.xml:32:9-35:51
46            android:name="com.example.quickdoctor.NotifyActivity"
46-->src\main\AndroidManifest.xml:33:13-43
47            android:parentActivityName="com.example.quickdoctor.HomeActivity"
47-->src\main\AndroidManifest.xml:34:13-55
48            android:theme="@style/antfyABTitle" />
48-->src\main\AndroidManifest.xml:35:13-48
49        <activity
49-->src\main\AndroidManifest.xml:36:9-42:20
50            android:name="com.example.quickdoctor.HomeActivity"
50-->src\main\AndroidManifest.xml:37:13-41
51            android:theme="@style/antfyABTitle" >
51-->src\main\AndroidManifest.xml:38:13-48
52            <intent-filter>
52-->src\main\AndroidManifest.xml:39:13-41:29
53                <action android:name="android.intent.action.VIEW" />
53-->src\main\AndroidManifest.xml:40:17-69
53-->src\main\AndroidManifest.xml:40:25-66
54            </intent-filter>
55        </activity>
56        <activity
56-->src\main\AndroidManifest.xml:43:9-46:51
57            android:name="com.example.quickdoctor.CadastroActivity"
57-->src\main\AndroidManifest.xml:44:13-45
58            android:parentActivityName="com.example.quickdoctor.MainActivity"
58-->src\main\AndroidManifest.xml:45:13-55
59            android:theme="@style/antfyABTitle" />
59-->src\main\AndroidManifest.xml:46:13-48
60        <activity
60-->src\main\AndroidManifest.xml:47:9-50:50
61            android:name="com.example.quickdoctor.EntrarActivity"
61-->src\main\AndroidManifest.xml:48:13-43
62            android:parentActivityName="com.example.quickdoctor.MainActivity"
62-->src\main\AndroidManifest.xml:49:13-55
63            android:theme="@style/antfyABTitle" />
63-->src\main\AndroidManifest.xml:50:13-48
64        <activity
64-->src\main\AndroidManifest.xml:51:9-59:20
65            android:name="com.example.quickdoctor.MainActivity"
65-->src\main\AndroidManifest.xml:52:13-41
66            android:screenOrientation="portrait" >
66-->src\main\AndroidManifest.xml:53:13-49
67            <intent-filter>
67-->src\main\AndroidManifest.xml:54:13-58:29
68                <action android:name="android.intent.action.MAIN" />
68-->src\main\AndroidManifest.xml:55:17-69
68-->src\main\AndroidManifest.xml:55:25-66
69
70                <category android:name="android.intent.category.LAUNCHER" />
70-->src\main\AndroidManifest.xml:57:17-77
70-->src\main\AndroidManifest.xml:57:27-74
71            </intent-filter>
72        </activity>
73        <activity
73-->src\main\AndroidManifest.xml:61:9-64:53
74            android:name="com.example.quickdoctor.ListaDispositivos"
74-->src\main\AndroidManifest.xml:62:13-46
75            android:label="Dispositivos Pareados"
75-->src\main\AndroidManifest.xml:64:13-50
76            android:theme="@android:style/Theme.Dialog" />
76-->src\main\AndroidManifest.xml:63:13-56
77    </application>
78
79</manifest>